2020-03-21 18:04:28,860 - instabot version: 0.116.0 (bot) - INFO - Instabot version: 0.116.0 Started
2020-03-21 18:04:28,860 - instabot version: 0.116.0 (bot) - DEBUG - Bot imported from /home/umang/bot/lib/python3.8/site-packages/instabot/bot/bot.py
2020-03-21 18:04:28,860 - instabot version: 0.116.0 (api_login) - DEBUG - Loading cookies
2020-03-21 18:04:28,861 - instabot version: 0.116.0 (api_login) - DEBUG - Loading uuids
2020-03-21 18:04:28,861 - instabot version: 0.116.0 (api_login) - INFO - Recovery from /home/umang/bot/config/carona_stats_uuid_and_cookie.json: COOKIE True - UUIDs True - TIMING, DEVICE and ...
- user-agent=Instagram 117.0.0.28.123 Android (28/9.0; 420dpi; 1080x1920; OnePlus; ONEPLUS A3003; OnePlus3; qcom; en_US; 180322800)
- phone_id=7dafd60e-0b4e-479f-8d44-9c858820dcf5
- uuid=974e3ff3-983e-401d-a958-b5740f794aa1
- client_session_id=ce89409e-f21a-47c3-9a18-67a4fc4e2d14
- device_id=android-bd8748b2f6f21640
2020-03-21 18:04:28,861 - instabot version: 0.116.0 (api_login) - INFO - LOGIN FLOW! Just logged-in: False
2020-03-21 18:04:30,172 - instabot version: 0.116.0 (api) - DEBUG - POST to endpoint: feed/timeline/ returned response: <Response [200]>
2020-03-21 18:04:30,866 - instabot version: 0.116.0 (api) - DEBUG - POST to endpoint: feed/reels_tray/ returned response: <Response [200]>
2020-03-21 18:04:30,866 - instabot version: 0.116.0 (api) - INFO - Logged-in successfully as 'carona_stats'!
2020-03-21 18:04:30,867 - instabot version: 0.116.0 (bot_checkpoint) - DEBUG - Loading Checkpoint file from: /home/umang/bot/config/carona_stats.checkpoint
2020-03-21 18:05:20,987 - instabot version: 0.116.0 (api) - DEBUG - POST to endpoint: media/configure/? returned response: <Response [200]>
2020-03-21 18:05:21,724 - instabot version: 0.116.0 (api) - DEBUG - POST to endpoint: qe/expose/ returned response: <Response [200]>
2020-03-21 18:05:21,725 - instabot version: 0.116.0 (bot_photo) - INFO - Photo './Posts/download.jpeg' is uploaded.
2020-03-21 18:06:21,341 - instabot version: 0.116.0 (api) - DEBUG - POST to endpoint: media/configure/? returned response: <Response [200]>
2020-03-21 18:06:22,117 - instabot version: 0.116.0 (api) - DEBUG - POST to endpoint: qe/expose/ returned response: <Response [200]>
2020-03-21 18:06:22,118 - instabot version: 0.116.0 (bot_photo) - INFO - Photo './Posts/download (1).jpeg' is uploaded.
2020-03-21 18:11:45,925 - instabot version: 0.116.0 (bot_checkpoint) - DEBUG - Saving Checkpoint file to: /home/umang/bot/config/carona_stats.checkpoint
2020-03-21 18:11:45,926 - instabot version: 0.116.0 (bot) - INFO - Total requests: 57
