2020-03-21 17:59:07,774 - instabot version: 0.116.0 (bot) - INFO - Instabot version: 0.116.0 Started
2020-03-21 17:59:07,774 - instabot version: 0.116.0 (bot) - DEBUG - Bot imported from /home/umang/bot/lib/python3.8/site-packages/instabot/bot/bot.py
2020-03-21 17:59:07,774 - instabot version: 0.116.0 (api_login) - DEBUG - Loading cookies
2020-03-21 17:59:07,774 - instabot version: 0.116.0 (api_login) - DEBUG - Loading uuids
2020-03-21 17:59:07,774 - instabot version: 0.116.0 (api_login) - INFO - Recovery from /home/umang/bot/config/carona_stats_uuid_and_cookie.json: COOKIE True - UUIDs True - TIMING, DEVICE and ...
- user-agent=Instagram 117.0.0.28.123 Android (28/9.0; 420dpi; 1080x1920; OnePlus; ONEPLUS A3003; OnePlus3; qcom; en_US; 180322800)
- phone_id=7dafd60e-0b4e-479f-8d44-9c858820dcf5
- uuid=974e3ff3-983e-401d-a958-b5740f794aa1
- client_session_id=0ba059ab-a8ee-40b7-932b-ee43f2703512
- device_id=android-bd8748b2f6f21640
2020-03-21 17:59:07,774 - instabot version: 0.116.0 (api_login) - INFO - LOGIN FLOW! Just logged-in: False
2020-03-21 17:59:08,927 - instabot version: 0.116.0 (api) - DEBUG - POST to endpoint: feed/timeline/ returned response: <Response [200]>
2020-03-21 17:59:09,669 - instabot version: 0.116.0 (api) - DEBUG - POST to endpoint: feed/reels_tray/ returned response: <Response [200]>
2020-03-21 17:59:10,408 - instabot version: 0.116.0 (api) - DEBUG - POST to endpoint: direct_v2/ranked_recipients/ returned response: <Response [200]>
2020-03-21 17:59:11,135 - instabot version: 0.116.0 (api) - DEBUG - POST to endpoint: direct_v2/ranked_recipients/ returned response: <Response [200]>
2020-03-21 17:59:11,821 - instabot version: 0.116.0 (api) - DEBUG - POST to endpoint: direct_v2/inbox/ returned response: <Response [200]>
2020-03-21 17:59:12,583 - instabot version: 0.116.0 (api) - DEBUG - GET to endpoint: direct_v2/get_presence/ returned response: <Response [200]>
2020-03-21 17:59:13,471 - instabot version: 0.116.0 (api) - DEBUG - GET to endpoint: news/inbox/?limited_activity=true&show_su=true returned response: <Response [200]>
2020-03-21 17:59:14,217 - instabot version: 0.116.0 (api) - DEBUG - GET to endpoint: users/profile_notice/ returned response: <Response [200]>
2020-03-21 17:59:14,934 - instabot version: 0.116.0 (api) - DEBUG - POST to endpoint: discover/explore/ returned response: <Response [200]>
2020-03-21 17:59:14,940 - instabot version: 0.116.0 (api) - INFO - Logged-in successfully as 'carona_stats'!
2020-03-21 17:59:14,940 - instabot version: 0.116.0 (bot_checkpoint) - DEBUG - Loading Checkpoint file from: /home/umang/bot/config/carona_stats.checkpoint
2020-03-21 17:59:55,821 - instabot version: 0.116.0 (bot_checkpoint) - DEBUG - Saving Checkpoint file to: /home/umang/bot/config/carona_stats.checkpoint
2020-03-21 17:59:55,821 - instabot version: 0.116.0 (bot) - INFO - Total requests: 53
