2020-03-21 16:23:02,690 - instabot version: 0.116.0 (bot) - INFO - Instabot version: 0.116.0 Started
2020-03-21 16:23:02,690 - instabot version: 0.116.0 (bot) - DEBUG - Bot imported from /home/umang/bot/lib/python3.8/site-packages/instabot/bot/bot.py
2020-03-21 16:23:02,690 - instabot version: 0.116.0 (api_login) - INFO - Not yet logged in starting: PRE-LOGIN FLOW!
2020-03-21 16:23:03,402 - instabot version: 0.116.0 (api) - DEBUG - POST to endpoint: accounts/get_prefill_candidates/ returned response: <Response [200]>
2020-03-21 16:23:04,201 - instabot version: 0.116.0 (api) - DEBUG - POST to endpoint: qe/sync/ returned response: <Response [200]>
2020-03-21 16:23:04,903 - instabot version: 0.116.0 (api) - DEBUG - POST to endpoint: launcher/sync/ returned response: <Response [200]>
2020-03-21 16:23:05,579 - instabot version: 0.116.0 (api) - DEBUG - POST to endpoint: accounts/contact_point_prefill/ returned response: <Response [200]>
2020-03-21 16:23:12,163 - instabot version: 0.116.0 (api) - DEBUG - POST to endpoint: accounts/login/ returned response: <Response [200]>
2020-03-21 16:23:12,163 - instabot version: 0.116.0 (api) - INFO - Logged-in successfully as 'carona_stats'!
2020-03-21 16:23:12,163 - instabot version: 0.116.0 (api_login) - INFO - LOGIN FLOW! Just logged-in: True
2020-03-21 16:23:17,726 - instabot version: 0.116.0 (api) - DEBUG - POST to endpoint: qe/sync/ returned response: <Response [200]>
2020-03-21 16:23:18,447 - instabot version: 0.116.0 (api) - DEBUG - POST to endpoint: launcher/sync/ returned response: <Response [200]>
2020-03-21 16:23:19,163 - instabot version: 0.116.0 (api) - DEBUG - GET to endpoint: zr/token/result/?device_id=android-bd8748b2f6f21640&token_hash=&custom_device_id=android-bd8748b2f6f21640&fetch_reason=token_expired returned response: <Response [200]>
2020-03-21 16:23:19,938 - instabot version: 0.116.0 (api) - DEBUG - GET to endpoint: multiple_accounts/get_account_family/ returned response: <Response [200]>
2020-03-21 16:23:20,719 - instabot version: 0.116.0 (api) - DEBUG - POST to endpoint: qe/sync/ returned response: <Response [200]>
2020-03-21 16:23:21,496 - instabot version: 0.116.0 (api) - DEBUG - GET to endpoint: igtv/browse_feed/?prefetch=1 returned response: <Response [200]>
2020-03-21 16:23:22,309 - instabot version: 0.116.0 (api) - DEBUG - POST to endpoint: creatives/ar_class/ returned response: <Response [200]>
2020-03-21 16:23:23,055 - instabot version: 0.116.0 (api) - DEBUG - POST to endpoint: feed/reels_tray/ returned response: <Response [200]>
2020-03-21 16:23:24,891 - instabot version: 0.116.0 (api) - DEBUG - POST to endpoint: feed/timeline/ returned response: <Response [200]>
2020-03-21 16:23:25,716 - instabot version: 0.116.0 (api) - DEBUG - GET to endpoint: media/blocked/ returned response: <Response [200]>
2020-03-21 16:23:26,708 - instabot version: 0.116.0 (api) - DEBUG - GET to endpoint: news/inbox/ returned response: <Response [200]>
2020-03-21 16:23:27,458 - instabot version: 0.116.0 (api) - DEBUG - GET to endpoint: loom/fetch_config/ returned response: <Response [200]>
2020-03-21 16:23:28,209 - instabot version: 0.116.0 (api) - DEBUG - GET to endpoint: scores/bootstrap/users/?surfaces=["autocomplete_user_list","coefficient_besties_list_ranking","coefficient_rank_recipient_user_suggestion","coefficient_ios_section_test_bootstrap_ranking","coefficient_direct_recipients_ranking_variant_2"] returned response: <Response [200]>
2020-03-21 16:23:29,041 - instabot version: 0.116.0 (api) - DEBUG - GET to endpoint: business/eligibility/get_monetization_products_eligibility_data/?product_types=branded_content returned response: <Response [200]>
2020-03-21 16:23:29,774 - instabot version: 0.116.0 (api) - DEBUG - GET to endpoint: business/branded_content/should_require_professional_account/ returned response: <Response [200]>
2020-03-21 16:23:30,608 - instabot version: 0.116.0 (api) - DEBUG - GET to endpoint: linked_accounts/get_linkage_status/ returned response: <Response [200]>
2020-03-21 16:23:31,358 - instabot version: 0.116.0 (api) - DEBUG - GET to endpoint: locations/request_country/ returned response: <Response [200]>
2020-03-21 16:23:32,132 - instabot version: 0.116.0 (api) - DEBUG - GET to endpoint: qp/get_cooldowns/?signed_body=signed_body=4b9c516a5410a3bc128e09c6104a7f042146b9c2023870560c63a43a7f66781c.4&ig_sig_key_version=4&ig_sig_key_version=4 returned response: <Response [200]>
2020-03-21 16:23:32,886 - instabot version: 0.116.0 (api) - DEBUG - GET to endpoint: users/arlink_download_info/?version_override=2.2.1 returned response: <Response [200]>
2020-03-21 16:23:33,813 - instabot version: 0.116.0 (api) - DEBUG - GET to endpoint: users/32002029987/info/ returned response: <Response [200]>
2020-03-21 16:23:34,547 - instabot version: 0.116.0 (api) - DEBUG - GET to endpoint: direct_v2/get_presence/ returned response: <Response [200]>
2020-03-21 16:23:35,339 - instabot version: 0.116.0 (api) - DEBUG - GET to endpoint: direct_v2/inbox/?visual_message_return_type=unseen&thread_message_limit=10&persistentBadging=true&limit=20 returned response: <Response [200]>
2020-03-21 16:23:36,085 - instabot version: 0.116.0 (api) - DEBUG - GET to endpoint: direct_v2/inbox/?visual_message_return_type=unseen&persistentBadging=true&limit=0 returned response: <Response [200]>
2020-03-21 16:23:37,780 - instabot version: 0.116.0 (api) - DEBUG - GET to endpoint: discover/topical_explore/?is_prefetch=true&omit_cover_media=true&use_sectional_payload=true&timezone_offset=0&session_id=690d55f1-0d83-4368-be1b-c32fb409f881&include_fixed_destinations=true returned response: <Response [200]>
2020-03-21 16:23:38,529 - instabot version: 0.116.0 (api) - DEBUG - POST to endpoint: notifications/badge/ returned response: <Response [200]>
2020-03-21 16:23:39,451 - instabot version: 0.116.0 (api) - DEBUG - POST to endpoint: qp/batch_fetch/ returned response: <Response [200]>
2020-03-21 16:23:39,452 - instabot version: 0.116.0 (bot_checkpoint) - DEBUG - Loading Checkpoint file from: /home/umang/bot/config/carona_stats.checkpoint
2020-03-21 16:23:59,843 - instabot version: 0.116.0 (api) - DEBUG - POST to endpoint: media/configure/? returned response: <Response [400]>
2020-03-21 16:23:59,843 - instabot version: 0.116.0 (api) - DEBUG - Responsecode indicates error; response content: b'{"message": "Uploaded image isn\'t in the right format", "status": "fail"}'
2020-03-21 16:23:59,843 - instabot version: 0.116.0 (api) - ERROR - Request returns 400 error!
2020-03-21 16:23:59,843 - instabot version: 0.116.0 (api) - INFO - Instagram's error message: Uploaded image isn't in the right format
2020-03-21 16:23:59,844 - instabot version: 0.116.0 (api) - INFO - Instagram's error message: {}
2020-03-21 16:24:13,667 - instabot version: 0.116.0 (bot_checkpoint) - DEBUG - Saving Checkpoint file to: /home/umang/bot/config/carona_stats.checkpoint
2020-03-21 16:24:13,667 - instabot version: 0.116.0 (bot) - INFO - Total requests: 32
